<?xml version="1.0" encoding="UTF-8"?>
<!-- Generated by org.testng.reporters.JUnitReportReporter -->
<testsuite skipped="0" hostname="hanbingdeMacBook-Air.local" name="con.course.code.Chapter5.groups.GroupsOnClass1" tests="4" failures="0" timestamp="29 七月 2020 04:51:59 GMT" time="0.021" errors="0">
  <testcase name="stu1" time="0.002" classname="con.course.code.Chapter5.groups.GroupsOnClass1"/>
  <testcase name="stu2" time="0.006" classname="con.course.code.Chapter5.groups.GroupsOnClass1"/>
  <testcase name="stu1" time="0.010" classname="con.course.code.Chapter5.groups.GroupsOnClass1"/>
  <testcase name="stu2" time="0.003" classname="con.course.code.Chapter5.groups.GroupsOnClass1"/>
</testsuite> <!-- con.course.code.Chapter5.groups.GroupsOnClass1 -->
