<?xml version="1.0" encoding="UTF-8"?>
<!-- Generated by org.testng.reporters.JUnitReportReporter -->
<testsuite skipped="0" hostname="hanbingdeMacBook-Air.local" name="con.course.code.Chapter5.groups.GroupsOnMethod" tests="4" failures="0" timestamp="29 七月 2020 04:02:06 GMT" time="0.017" errors="0">
  <testcase name="test4" time="0.005" classname="con.course.code.Chapter5.groups.GroupsOnMethod"/>
  <testcase name="test2" time="0.003" classname="con.course.code.Chapter5.groups.GroupsOnMethod"/>
  <testcase name="test3" time="0.002" classname="con.course.code.Chapter5.groups.GroupsOnMethod"/>
  <testcase name="test1" time="0.007" classname="con.course.code.Chapter5.groups.GroupsOnMethod"/>
</testsuite> <!-- con.course.code.Chapter5.groups.GroupsOnMethod -->
