<?xml version="1.0" encoding="UTF-8"?>
<!-- Generated by org.testng.reporters.JUnitReportReporter -->
<testsuite skipped="0" hostname="hanbingdeMacBook-Air.local" name="con.course.code.Chapter5.suite.LoginTest" tests="1" failures="0" timestamp="29 七月 2020 03:38:56 GMT" time="0.008" errors="0">
  <testcase name="logTaobao" time="0.008" classname="con.course.code.Chapter5.suite.LoginTest"/>
</testsuite> <!-- con.course.code.Chapter5.suite.LoginTest -->
