<?xml version="1.0" encoding="UTF-8"?>
<!-- Generated by org.testng.reporters.JUnitReportReporter -->
<testsuite skipped="0" hostname="hanbingdeMacBook-Air.local" name="con.course.code.Chapter5.groups.GroupsOnClass3" tests="2" failures="0" timestamp="29 七月 2020 04:52:04 GMT" time="0.004" errors="0">
  <testcase name="teacher1" time="0.002" classname="con.course.code.Chapter5.groups.GroupsOnClass3"/>
  <testcase name="teacher2" time="0.002" classname="con.course.code.Chapter5.groups.GroupsOnClass3"/>
</testsuite> <!-- con.course.code.Chapter5.groups.GroupsOnClass3 -->
