<?xml version="1.0" encoding="UTF-8"?>
<!-- Generated by org.testng.reporters.JUnitReportReporter -->
<testsuite skipped="0" hostname="hanbingdeMacBook-Air.local" name="con.course.code.Chapter5.multThread.MultThreadOnXml" tests="3" failures="0" timestamp="30 七月 2020 06:50:07 GMT" time="0.031" errors="0">
  <testcase name="test1" time="0.014" classname="con.course.code.Chapter5.multThread.MultThreadOnXml"/>
  <testcase name="test3" time="0.002" classname="con.course.code.Chapter5.multThread.MultThreadOnXml"/>
  <testcase name="test2" time="0.015" classname="con.course.code.Chapter5.multThread.MultThreadOnXml"/>
</testsuite> <!-- con.course.code.Chapter5.multThread.MultThreadOnXml -->
