<?xml version="1.0" encoding="UTF-8"?>
<!-- Generated by org.testng.reporters.JUnitReportReporter -->
<testsuite skipped="0" hostname="hanbingdeMacBook-Air.local" name="con.course.code.Chapter5.suite.PayTest" tests="1" failures="0" timestamp="29 七月 2020 03:38:51 GMT" time="0.003" errors="0">
  <testcase name="paySuccess" time="0.003" classname="con.course.code.Chapter5.suite.PayTest"/>
</testsuite> <!-- con.course.code.Chapter5.suite.PayTest -->
