<?xml version="1.0" encoding="UTF-8"?>
<!-- Generated by org.testng.reporters.JUnitReportReporter -->
<testsuite skipped="0" hostname="hanbingdeMacBook-Air.local" name="con.course.code.Chapter5.ParamterTest" tests="1" failures="0" timestamp="29 七月 2020 08:01:16 GMT" time="0.016" errors="0">
  <testcase name="test" time="0.016" classname="con.course.code.Chapter5.ParamterTest"/>
</testsuite> <!-- con.course.code.Chapter5.ParamterTest -->
