<?xml version="1.0" encoding="UTF-8"?>
<!-- Generated by org.testng.reporters.JUnitReportReporter -->
<testsuite skipped="0" hostname="hanbingdeMacBook-Air.local" name="con.course.code.Chapter5.groups.GroupsOnClass2" tests="4" failures="0" timestamp="29 七月 2020 04:52:09 GMT" time="0.008" errors="0">
  <testcase name="stu1" time="0.002" classname="con.course.code.Chapter5.groups.GroupsOnClass2"/>
  <testcase name="stu2" time="0.003" classname="con.course.code.Chapter5.groups.GroupsOnClass2"/>
  <testcase name="stu1" time="0.001" classname="con.course.code.Chapter5.groups.GroupsOnClass2"/>
  <testcase name="stu2" time="0.002" classname="con.course.code.Chapter5.groups.GroupsOnClass2"/>
</testsuite> <!-- con.course.code.Chapter5.groups.GroupsOnClass2 -->
