<?xml version="1.0" encoding="UTF-8"?>
<!-- Generated by org.testng.reporters.JUnitReportReporter -->
<testsuite skipped="1" hostname="hanbingdeMacBook-Air.local" name="con.course.code.Chapter5.suite.IgnoreTest" tests="2" failures="0" timestamp="29 七月 2020 03:46:48 GMT" time="0.017" errors="0">
  <testcase name="ignoreTest1" time="0.017" classname="con.course.code.Chapter5.suite.IgnoreTest"/>
  <testcase name="ignoreTest2" classname="con.course.code.Chapter5.suite.IgnoreTest">
    <skipped/>
  </testcase> <!-- ignoreTest2 -->
</testsuite> <!-- con.course.code.Chapter5.suite.IgnoreTest -->
