<?xml version="1.0" encoding="UTF-8"?>
<!-- Generated by org.testng.reporters.JUnitReportReporter -->
<testsuite skipped="0" hostname="hanbingdeMacBook-Air.local" name="con.course.code.Chapter5.BasicAnnotation" tests="2" failures="0" timestamp="28 七月 2020 06:54:22 GMT" time="0.013" errors="0">
  <testcase name="testCase2" time="0.003" classname="con.course.code.Chapter5.BasicAnnotation"/>
  <testcase name="testCase1" time="0.010" classname="con.course.code.Chapter5.BasicAnnotation"/>
</testsuite> <!-- con.course.code.Chapter5.BasicAnnotation -->
