<?xml version="1.0" encoding="UTF-8"?>
<!-- Generated by org.testng.reporters.JUnitReportReporter -->
<testsuite skipped="0" hostname="hanbingdeMacBook-Air.local" name="con.course.code.Chapter5.multThread.MultThreadOnAnnotion" tests="5" failures="0" timestamp="30 七月 2020 04:54:56 GMT" time="0.080" errors="0">
  <testcase name="test" time="0.010" classname="con.course.code.Chapter5.multThread.MultThreadOnAnnotion"/>
  <testcase name="test" time="0.024" classname="con.course.code.Chapter5.multThread.MultThreadOnAnnotion"/>
  <testcase name="test" time="0.014" classname="con.course.code.Chapter5.multThread.MultThreadOnAnnotion"/>
  <testcase name="test" time="0.010" classname="con.course.code.Chapter5.multThread.MultThreadOnAnnotion"/>
  <testcase name="test" time="0.022" classname="con.course.code.Chapter5.multThread.MultThreadOnAnnotion"/>
</testsuite> <!-- con.course.code.Chapter5.multThread.MultThreadOnAnnotion -->
