<?xml version="1.0" encoding="UTF-8"?>
<!-- Generated by org.testng.reporters.JUnitReportReporter -->
<testsuite skipped="0" hostname="hanbingdeMacBook-Air.local" name="con.course.code.Chapter5.paramter.DataProviderTest" tests="2" failures="0" timestamp="30 七月 2020 04:43:15 GMT" time="0.024" errors="0">
  <testcase name="test2" time="0.020" classname="con.course.code.Chapter5.paramter.DataProviderTest"/>
  <testcase name="test2" time="0.004" classname="con.course.code.Chapter5.paramter.DataProviderTest"/>
</testsuite> <!-- con.course.code.Chapter5.paramter.DataProviderTest -->
