<?xml version="1.0" encoding="UTF-8"?>
<!-- Generated by org.testng.reporters.JUnitReportReporter -->
<testsuite skipped="1" hostname="hanbingdeMacBook-Air.local" name="con.course.code.cases.GetUserInfoTest" tests="1" failures="0" timestamp="15 Aug 2020 12:32:17 GMT" time="0.000" errors="0">
  <testcase name="getUserInfo" time="0.000" classname="con.course.code.cases.GetUserInfoTest">
    <skipped/>
  </testcase> <!-- getUserInfo -->
</testsuite> <!-- con.course.code.cases.GetUserInfoTest -->
