<?xml version="1.0" encoding="UTF-8"?>
<!-- Generated by org.testng.reporters.JUnitReportReporter -->
<testsuite skipped="1" hostname="hanbingdeMacBook-Air.local" name="con.course.code.cases.GetUserInfoListTest" tests="1" failures="0" timestamp="15 Aug 2020 12:32:22 GMT" time="0.000" errors="0">
  <testcase name="getUserListInfo" time="0.000" classname="con.course.code.cases.GetUserInfoListTest">
    <skipped/>
  </testcase> <!-- getUserListInfo -->
</testsuite> <!-- con.course.code.cases.GetUserInfoListTest -->
