<?xml version="1.0" encoding="UTF-8"?>
<!-- Generated by org.testng.reporters.JUnitReportReporter -->
<testsuite skipped="2" hostname="hanbingdeMacBook-Air.local" name="con.course.code.cases.UpdateUserInfoTest" tests="2" failures="0" timestamp="15 Aug 2020 12:32:12 GMT" time="0.000" errors="0">
  <testcase name="deleteUser" time="0.000" classname="con.course.code.cases.UpdateUserInfoTest">
    <skipped/>
  </testcase> <!-- deleteUser -->
  <testcase name="updateUserInfo" time="0.000" classname="con.course.code.cases.UpdateUserInfoTest">
    <skipped/>
  </testcase> <!-- updateUserInfo -->
</testsuite> <!-- con.course.code.cases.UpdateUserInfoTest -->
