<?xml version="1.0" encoding="UTF-8"?>
<!-- Generated by org.testng.reporters.JUnitReportReporter -->
<testsuite skipped="0" hostname="hanbingdeMacBook-Air.local" name="con.course.code.cases.AddUserTest" tests="1" failures="0" timestamp="15 Aug 2020 09:52:03 GMT" time="0.107" errors="0">
  <testcase name="addUser" time="0.107" classname="con.course.code.cases.AddUserTest"/>
</testsuite> <!-- con.course.code.cases.AddUserTest -->
