<?xml version="1.0" encoding="UTF-8"?>
<!-- Generated by org.testng.reporters.JUnitReportReporter -->
<testsuite skipped="0" hostname="hanbingdeMacBook-Air.local" name="con.course.code.cases.UpdateUserInfoTest" tests="2" failures="0" timestamp="15 Aug 2020 09:51:58 GMT" time="9.455" errors="0">
  <testcase name="deleteUser" time="7.190" classname="con.course.code.cases.UpdateUserInfoTest"/>
  <testcase name="updateUserInfo" time="2.265" classname="con.course.code.cases.UpdateUserInfoTest"/>
</testsuite> <!-- con.course.code.cases.UpdateUserInfoTest -->
