<?xml version="1.0" encoding="UTF-8"?>
<!-- Generated by org.testng.reporters.JUnitReportReporter -->
<testsuite skipped="0" hostname="hanbingdeMacBook-Air.local" name="con.course.code.cases.GetUserInfoListTest" tests="1" failures="0" timestamp="15 Aug 2020 09:52:13 GMT" time="0.181" errors="0">
  <testcase name="getUserListInfo" time="0.181" classname="con.course.code.cases.GetUserInfoListTest"/>
</testsuite> <!-- con.course.code.cases.GetUserInfoListTest -->
