<?xml version="1.0" encoding="UTF-8"?>
<!-- Generated by org.testng.reporters.JUnitReportReporter -->
<testsuite skipped="0" hostname="hanbingdeMacBook-Air.local" name="con.course.code.cases.LoginTest" tests="2" failures="0" timestamp="15 Aug 2020 09:51:53 GMT" time="0.967" errors="0">
  <testcase name="loginFalse" time="0.119" classname="con.course.code.cases.LoginTest"/>
  <testcase name="loginTrue" time="0.848" classname="con.course.code.cases.LoginTest"/>
</testsuite> <!-- con.course.code.cases.LoginTest -->
